xencps4:libxl_dom.c:libxl_domain_save
xc: info: xencps4:libxc/xc_sr_save.c:xc_domain_save
xc: info: xencps4:libxc/xc_sr_save.c:save
xc: info: Saving domain 1, type x86 PV
xc: progress: Frames iteration 0 of 5: 4096/65536    6%
xc: progress: Frames iteration 0 of 5: 8192/65536   12%
xc: progress: Frames iteration 0 of 5: 11264/65536   17%
xc: progress: Frames iteration 0 of 5: 15360/65536   23%
xc: progress: Frames iteration 0 of 5: 18432/65536   28%
xc: progress: Frames iteration 0 of 5: 22528/65536   34%
xc: progress: Frames iteration 0 of 5: 25600/65536   39%
xc: progress: Frames iteration 0 of 5: 29696/65536   45%
xc: progress: Frames iteration 0 of 5: 32768/65536   50%
xc: progress: Frames iteration 0 of 5: 36864/65536   56%
xc: progress: Frames iteration 0 of 5: 40960/65536   62%
xc: progress: Frames iteration 0 of 5: 44032/65536   67%
xc: progress: Frames iteration 0 of 5: 48128/65536   73%
xc: progress: Frames iteration 0 of 5: 51200/65536   78%
xc: progress: Frames iteration 0 of 5: 55296/65536   84%
xc: progress: Frames iteration 0 of 5: 58368/65536   89%
xc: progress: Frames iteration 0 of 5: 62464/65536   95%
xc: progress: Frames iteration 0 of 5: 65536/65536  100%
xencps4:libxl_dom.c:libxl__remus_domain_suspend_callback
